<?xml version="1.0" encoding="UTF-8"?>
<coverage generated="1524115790740" clover="3.2.0">
  <project timestamp="1524115790741" name="All files">
    <metrics statements="46" coveredstatements="23" conditionals="36" coveredconditionals="12" methods="18" coveredmethods="11" elements="100" coveredelements="46" complexity="0" loc="46" ncloc="46" packages="2" files="7" classes="7">
      <package name="navbar-module">
        <metrics statements="1" coveredstatements="1" conditionals="0" coveredconditionals="0" methods="0" coveredmethods="0"/>
        <file name="test-setup.js" path="/Users/samgetlan/Documents/HackReactor/navbar-module/test-setup.js">
          <metrics statements="1" coveredstatements="1" conditionals="0" coveredconditionals="0" methods="0" coveredmethods="0"/>
          <line num="5" count="6" type="stmt"/>
        </file>
      </package>
      <package name="navbar-module.client.src.components">
        <metrics statements="45" coveredstatements="22" conditionals="36" coveredconditionals="12" methods="18" coveredmethods="11"/>
        <file name="BackThisProjectButton.jsx" path="/Users/samgetlan/Documents/HackReactor/navbar-module/client/src/components/BackThisProjectButton.jsx">
          <metrics statements="4" coveredstatements="3" conditionals="0" coveredconditionals="0" methods="3" coveredmethods="2"/>
          <line num="7" count="1" type="stmt"/>
          <line num="8" count="1" type="stmt"/>
          <line num="19" count="0" type="stmt"/>
          <line num="23" count="1" type="stmt"/>
        </file>
        <file name="InterestedLinks.jsx" path="/Users/samgetlan/Documents/HackReactor/navbar-module/client/src/components/InterestedLinks.jsx">
          <metrics statements="2" coveredstatements="2" conditionals="0" coveredconditionals="0" methods="1" coveredmethods="1"/>
          <line num="5" count="2" type="stmt"/>
          <line num="6" count="1" type="stmt"/>
        </file>
        <file name="NavButton.jsx" path="/Users/samgetlan/Documents/HackReactor/navbar-module/client/src/components/NavButton.jsx">
          <metrics statements="2" coveredstatements="2" conditionals="4" coveredconditionals="2" methods="1" coveredmethods="1"/>
          <line num="3" count="3" type="stmt"/>
          <line num="4" count="1" type="cond" truecount="1" falsecount="1"/>
        </file>
        <file name="NavLinks.jsx" path="/Users/samgetlan/Documents/HackReactor/navbar-module/client/src/components/NavLinks.jsx">
          <metrics statements="5" coveredstatements="4" conditionals="0" coveredconditionals="0" methods="3" coveredmethods="2"/>
          <line num="6" count="2" type="stmt"/>
          <line num="7" count="2" type="stmt"/>
          <line num="10" count="2" type="stmt"/>
          <line num="14" count="0" type="stmt"/>
          <line num="20" count="2" type="stmt"/>
        </file>
        <file name="Navbar.jsx" path="/Users/samgetlan/Documents/HackReactor/navbar-module/client/src/components/Navbar.jsx">
          <metrics statements="3" coveredstatements="3" conditionals="0" coveredconditionals="0" methods="2" coveredmethods="2"/>
          <line num="7" count="1" type="stmt"/>
          <line num="8" count="1" type="stmt"/>
          <line num="16" count="1" type="stmt"/>
        </file>
        <file name="RemindMeButton.jsx" path="/Users/samgetlan/Documents/HackReactor/navbar-module/client/src/components/RemindMeButton.jsx">
          <metrics statements="29" coveredstatements="8" conditionals="32" coveredconditionals="10" methods="8" coveredmethods="3"/>
          <line num="7" count="2" type="stmt"/>
          <line num="8" count="2" type="stmt"/>
          <line num="13" count="2" type="stmt"/>
          <line num="14" count="2" type="stmt"/>
          <line num="15" count="2" type="stmt"/>
          <line num="16" count="2" type="stmt"/>
          <line num="20" count="1" type="stmt"/>
          <line num="26" count="0" type="stmt"/>
          <line num="32" count="0" type="cond" truecount="0" falsecount="4"/>
          <line num="33" count="0" type="stmt"/>
          <line num="37" count="0" type="stmt"/>
          <line num="40" count="0" type="stmt"/>
          <line num="42" count="0" type="stmt"/>
          <line num="47" count="0" type="stmt"/>
          <line num="52" count="0" type="stmt"/>
          <line num="53" count="0" type="stmt"/>
          <line num="54" count="0" type="stmt"/>
          <line num="55" count="0" type="cond" truecount="0" falsecount="2"/>
          <line num="56" count="0" type="stmt"/>
          <line num="57" count="0" type="cond" truecount="0" falsecount="4"/>
          <line num="58" count="0" type="stmt"/>
          <line num="59" count="0" type="cond" truecount="0" falsecount="4"/>
          <line num="60" count="0" type="stmt"/>
          <line num="61" count="0" type="stmt"/>
          <line num="62" count="0" type="stmt"/>
          <line num="68" count="0" type="cond" truecount="0" falsecount="2"/>
          <line num="69" count="0" type="stmt"/>
          <line num="70" count="0" type="stmt"/>
          <line num="77" count="3" type="stmt"/>
        </file>
      </package>
    </metrics>
  </project>
</coverage>
