{"/Users/samgetlan/Documents/HackReactor/navbar-module/test-setup.js": {"path":"/Users/samgetlan/Documents/HackReactor/navbar-module/test-setup.js","statementMap":{"0":{"start":{"line":5,"column":0},"end":{"line":5,"column":38}}},"fnMap":{},"branchMap":{},"s":{"0":6},"f":{},"b":{},"_coverageSchema":"332fd63041d2c1bcb487cc26dd0d5f7d97098a6c","hash":"45536ca59df2d57bf925d55e272f28479ba24c33"}
,"/Users/samgetlan/Documents/HackReactor/navbar-module/client/src/components/BackThisProjectButton.jsx": {"path":"/Users/samgetlan/Documents/HackReactor/navbar-module/client/src/components/BackThisProjectButton.jsx","statementMap":{"0":{"start":{"line":7,"column":4},"end":{"line":7,"column":17}},"1":{"start":{"line":8,"column":4},"end":{"line":8,"column":51}},"2":{"start":{"line":19,"column":4},"end":{"line":19,"column":105}},"3":{"start":{"line":23,"column":4},"end":{"line":25,"column":6}}},"fnMap":{"0":{"name":"(anonymous_0)","decl":{"start":{"line":6,"column":2},"end":{"line":6,"column":3}},"loc":{"start":{"line":6,"column":21},"end":{"line":9,"column":3}},"line":6},"1":{"name":"(anonymous_1)","decl":{"start":{"line":11,"column":2},"end":{"line":11,"column":3}},"loc":{"start":{"line":11,"column":16},"end":{"line":20,"column":3}},"line":11},"2":{"name":"(anonymous_2)","decl":{"start":{"line":22,"column":2},"end":{"line":22,"column":3}},"loc":{"start":{"line":22,"column":11},"end":{"line":26,"column":3}},"line":22}},"branchMap":{},"s":{"0":1,"1":1,"2":0,"3":1},"f":{"0":1,"1":0,"2":1},"b":{},"_coverageSchema":"332fd63041d2c1bcb487cc26dd0d5f7d97098a6c","hash":"82d0631fbba45066d6a409a89696eba25aca8b85"}
,"/Users/samgetlan/Documents/HackReactor/navbar-module/client/src/components/InterestedLinks.jsx": {"path":"/Users/samgetlan/Documents/HackReactor/navbar-module/client/src/components/InterestedLinks.jsx","statementMap":{"0":{"start":{"line":5,"column":24},"end":{"line":10,"column":1}},"1":{"start":{"line":6,"column":2},"end":{"line":9,"column":8}}},"fnMap":{"0":{"name":"(anonymous_0)","decl":{"start":{"line":5,"column":24},"end":{"line":5,"column":25}},"loc":{"start":{"line":6,"column":2},"end":{"line":9,"column":8}},"line":6}},"branchMap":{},"s":{"0":2,"1":1},"f":{"0":1},"b":{},"_coverageSchema":"332fd63041d2c1bcb487cc26dd0d5f7d97098a6c","hash":"46331e990940c6c35e038c4b54acb10e07c7d1c1"}
,"/Users/samgetlan/Documents/HackReactor/navbar-module/client/src/components/NavButton.jsx": {"path":"/Users/samgetlan/Documents/HackReactor/navbar-module/client/src/components/NavButton.jsx","statementMap":{"0":{"start":{"line":3,"column":18},"end":{"line":10,"column":1}},"1":{"start":{"line":4,"column":2},"end":{"line":9,"column":8}}},"fnMap":{"0":{"name":"(anonymous_0)","decl":{"start":{"line":3,"column":18},"end":{"line":3,"column":19}},"loc":{"start":{"line":4,"column":2},"end":{"line":9,"column":8}},"line":4}},"branchMap":{"0":{"loc":{"start":{"line":4,"column":38},"end":{"line":4,"column":108}},"type":"cond-expr","locations":[{"start":{"line":4,"column":74},"end":{"line":4,"column":94}},{"start":{"line":4,"column":97},"end":{"line":4,"column":108}}],"line":4},"1":{"loc":{"start":{"line":6,"column":5},"end":{"line":7,"column":32}},"type":"binary-expr","locations":[{"start":{"line":6,"column":5},"end":{"line":6,"column":30}},{"start":{"line":7,"column":6},"end":{"line":7,"column":32}}],"line":6}},"s":{"0":3,"1":1},"f":{"0":1},"b":{"0":[1,0],"1":[1,0]},"_coverageSchema":"332fd63041d2c1bcb487cc26dd0d5f7d97098a6c","hash":"aecf1edfa73a86d1f052ac774331d26d5e514aa2"}
,"/Users/samgetlan/Documents/HackReactor/navbar-module/client/src/components/NavLinks.jsx": {"path":"/Users/samgetlan/Documents/HackReactor/navbar-module/client/src/components/NavLinks.jsx","statementMap":{"0":{"start":{"line":6,"column":4},"end":{"line":6,"column":17}},"1":{"start":{"line":7,"column":4},"end":{"line":9,"column":6}},"2":{"start":{"line":10,"column":4},"end":{"line":10,"column":57}},"3":{"start":{"line":14,"column":4},"end":{"line":16,"column":7}},"4":{"start":{"line":20,"column":4},"end":{"line":28,"column":6}}},"fnMap":{"0":{"name":"(anonymous_0)","decl":{"start":{"line":5,"column":2},"end":{"line":5,"column":3}},"loc":{"start":{"line":5,"column":21},"end":{"line":11,"column":3}},"line":5},"1":{"name":"(anonymous_1)","decl":{"start":{"line":13,"column":2},"end":{"line":13,"column":3}},"loc":{"start":{"line":13,"column":24},"end":{"line":17,"column":3}},"line":13},"2":{"name":"(anonymous_2)","decl":{"start":{"line":19,"column":2},"end":{"line":19,"column":3}},"loc":{"start":{"line":19,"column":11},"end":{"line":29,"column":3}},"line":19}},"branchMap":{},"s":{"0":2,"1":2,"2":2,"3":0,"4":2},"f":{"0":2,"1":0,"2":2},"b":{},"_coverageSchema":"332fd63041d2c1bcb487cc26dd0d5f7d97098a6c","hash":"cc5e9b1825615a137aa31be1314c90315d2609ed"}
,"/Users/samgetlan/Documents/HackReactor/navbar-module/client/src/components/Navbar.jsx": {"path":"/Users/samgetlan/Documents/HackReactor/navbar-module/client/src/components/Navbar.jsx","statementMap":{"0":{"start":{"line":7,"column":4},"end":{"line":7,"column":17}},"1":{"start":{"line":8,"column":4},"end":{"line":12,"column":6}},"2":{"start":{"line":16,"column":4},"end":{"line":23,"column":6}}},"fnMap":{"0":{"name":"(anonymous_0)","decl":{"start":{"line":6,"column":2},"end":{"line":6,"column":3}},"loc":{"start":{"line":6,"column":21},"end":{"line":13,"column":3}},"line":6},"1":{"name":"(anonymous_1)","decl":{"start":{"line":15,"column":2},"end":{"line":15,"column":3}},"loc":{"start":{"line":15,"column":11},"end":{"line":24,"column":3}},"line":15}},"branchMap":{},"s":{"0":1,"1":1,"2":1},"f":{"0":1,"1":1},"b":{},"_coverageSchema":"332fd63041d2c1bcb487cc26dd0d5f7d97098a6c","hash":"2ca7f5ff3d5d40e3bec50467723ee2fa68b6754f"}
,"/Users/samgetlan/Documents/HackReactor/navbar-module/client/src/components/RemindMeButton.jsx": {"path":"/Users/samgetlan/Documents/HackReactor/navbar-module/client/src/components/RemindMeButton.jsx","statementMap":{"0":{"start":{"line":7,"column":4},"end":{"line":7,"column":17}},"1":{"start":{"line":8,"column":4},"end":{"line":12,"column":6}},"2":{"start":{"line":13,"column":4},"end":{"line":13,"column":59}},"3":{"start":{"line":14,"column":4},"end":{"line":14,"column":67}},"4":{"start":{"line":15,"column":4},"end":{"line":15,"column":63}},"5":{"start":{"line":16,"column":4},"end":{"line":16,"column":65}},"6":{"start":{"line":20,"column":4},"end":{"line":22,"column":7}},"7":{"start":{"line":26,"column":4},"end":{"line":28,"column":7}},"8":{"start":{"line":32,"column":4},"end":{"line":48,"column":5}},"9":{"start":{"line":33,"column":6},"end":{"line":41,"column":11}},"10":{"start":{"line":37,"column":10},"end":{"line":37,"column":49}},"11":{"start":{"line":40,"column":10},"end":{"line":40,"column":57}},"12":{"start":{"line":42,"column":6},"end":{"line":44,"column":9}},"13":{"start":{"line":47,"column":6},"end":{"line":47,"column":35}},"14":{"start":{"line":52,"column":20},"end":{"line":52,"column":24}},"15":{"start":{"line":53,"column":16},"end":{"line":53,"column":21}},"16":{"start":{"line":55,"column":4},"end":{"line":59,"column":5}},"17":{"start":{"line":56,"column":6},"end":{"line":56,"column":69}},"18":{"start":{"line":58,"column":6},"end":{"line":58,"column":17}},"19":{"start":{"line":60,"column":4},"end":{"line":72,"column":5}},"20":{"start":{"line":61,"column":6},"end":{"line":61,"column":31}},"21":{"start":{"line":62,"column":6},"end":{"line":71,"column":7}},"22":{"start":{"line":63,"column":8},"end":{"line":63,"column":36}},"23":{"start":{"line":64,"column":8},"end":{"line":70,"column":9}},"24":{"start":{"line":65,"column":10},"end":{"line":65,"column":37}},"25":{"start":{"line":66,"column":10},"end":{"line":66,"column":23}},"26":{"start":{"line":67,"column":10},"end":{"line":69,"column":13}},"27":{"start":{"line":73,"column":4},"end":{"line":78,"column":5}},"28":{"start":{"line":74,"column":6},"end":{"line":74,"column":35}},"29":{"start":{"line":75,"column":6},"end":{"line":77,"column":9}},"30":{"start":{"line":82,"column":4},"end":{"line":105,"column":6}}},"fnMap":{"0":{"name":"(anonymous_0)","decl":{"start":{"line":6,"column":2},"end":{"line":6,"column":3}},"loc":{"start":{"line":6,"column":21},"end":{"line":17,"column":3}},"line":6},"1":{"name":"(anonymous_1)","decl":{"start":{"line":19,"column":2},"end":{"line":19,"column":3}},"loc":{"start":{"line":19,"column":20},"end":{"line":23,"column":3}},"line":19},"2":{"name":"(anonymous_2)","decl":{"start":{"line":25,"column":2},"end":{"line":25,"column":3}},"loc":{"start":{"line":25,"column":24},"end":{"line":29,"column":3}},"line":25},"3":{"name":"(anonymous_3)","decl":{"start":{"line":31,"column":2},"end":{"line":31,"column":3}},"loc":{"start":{"line":31,"column":22},"end":{"line":49,"column":3}},"line":31},"4":{"name":"(anonymous_4)","decl":{"start":{"line":36,"column":14},"end":{"line":36,"column":15}},"loc":{"start":{"line":36,"column":28},"end":{"line":38,"column":9}},"line":36},"5":{"name":"(anonymous_5)","decl":{"start":{"line":39,"column":15},"end":{"line":39,"column":16}},"loc":{"start":{"line":39,"column":26},"end":{"line":41,"column":9}},"line":39},"6":{"name":"(anonymous_6)","decl":{"start":{"line":51,"column":2},"end":{"line":51,"column":3}},"loc":{"start":{"line":51,"column":23},"end":{"line":79,"column":3}},"line":51},"7":{"name":"(anonymous_7)","decl":{"start":{"line":81,"column":2},"end":{"line":81,"column":3}},"loc":{"start":{"line":81,"column":11},"end":{"line":106,"column":3}},"line":81}},"branchMap":{"0":{"loc":{"start":{"line":32,"column":4},"end":{"line":48,"column":5}},"type":"if","locations":[{"start":{"line":32,"column":4},"end":{"line":48,"column":5}},{"start":{"line":32,"column":4},"end":{"line":48,"column":5}}],"line":32},"1":{"loc":{"start":{"line":32,"column":8},"end":{"line":32,"column":65}},"type":"binary-expr","locations":[{"start":{"line":32,"column":8},"end":{"line":32,"column":29}},{"start":{"line":32,"column":33},"end":{"line":32,"column":65}}],"line":32},"2":{"loc":{"start":{"line":55,"column":4},"end":{"line":59,"column":5}},"type":"if","locations":[{"start":{"line":55,"column":4},"end":{"line":59,"column":5}},{"start":{"line":55,"column":4},"end":{"line":59,"column":5}}],"line":55},"3":{"loc":{"start":{"line":60,"column":4},"end":{"line":72,"column":5}},"type":"if","locations":[{"start":{"line":60,"column":4},"end":{"line":72,"column":5}},{"start":{"line":60,"column":4},"end":{"line":72,"column":5}}],"line":60},"4":{"loc":{"start":{"line":62,"column":6},"end":{"line":71,"column":7}},"type":"if","locations":[{"start":{"line":62,"column":6},"end":{"line":71,"column":7}},{"start":{"line":62,"column":6},"end":{"line":71,"column":7}}],"line":62},"5":{"loc":{"start":{"line":62,"column":10},"end":{"line":62,"column":55}},"type":"binary-expr","locations":[{"start":{"line":62,"column":10},"end":{"line":62,"column":29}},{"start":{"line":62,"column":33},"end":{"line":62,"column":55}}],"line":62},"6":{"loc":{"start":{"line":64,"column":8},"end":{"line":70,"column":9}},"type":"if","locations":[{"start":{"line":64,"column":8},"end":{"line":70,"column":9}},{"start":{"line":64,"column":8},"end":{"line":70,"column":9}}],"line":64},"7":{"loc":{"start":{"line":64,"column":12},"end":{"line":64,"column":57}},"type":"binary-expr","locations":[{"start":{"line":64,"column":12},"end":{"line":64,"column":34}},{"start":{"line":64,"column":38},"end":{"line":64,"column":57}}],"line":64},"8":{"loc":{"start":{"line":73,"column":4},"end":{"line":78,"column":5}},"type":"if","locations":[{"start":{"line":73,"column":4},"end":{"line":78,"column":5}},{"start":{"line":73,"column":4},"end":{"line":78,"column":5}}],"line":73},"9":{"loc":{"start":{"line":84,"column":9},"end":{"line":101,"column":14}},"type":"binary-expr","locations":[{"start":{"line":84,"column":9},"end":{"line":84,"column":32}},{"start":{"line":85,"column":8},"end":{"line":101,"column":14}}],"line":84},"10":{"loc":{"start":{"line":89,"column":29},"end":{"line":89,"column":84}},"type":"cond-expr","locations":[{"start":{"line":89,"column":54},"end":{"line":89,"column":70}},{"start":{"line":89,"column":73},"end":{"line":89,"column":84}}],"line":89},"11":{"loc":{"start":{"line":90,"column":28},"end":{"line":90,"column":192}},"type":"cond-expr","locations":[{"start":{"line":90,"column":53},"end":{"line":90,"column":106}},{"start":{"line":90,"column":109},"end":{"line":90,"column":192}}],"line":90},"12":{"loc":{"start":{"line":91,"column":15},"end":{"line":92,"column":236}},"type":"binary-expr","locations":[{"start":{"line":91,"column":15},"end":{"line":91,"column":37}},{"start":{"line":92,"column":16},"end":{"line":92,"column":236}}],"line":91},"13":{"loc":{"start":{"line":92,"column":34},"end":{"line":92,"column":169}},"type":"cond-expr","locations":[{"start":{"line":92,"column":67},"end":{"line":92,"column":90}},{"start":{"line":92,"column":94},"end":{"line":92,"column":168}}],"line":92},"14":{"loc":{"start":{"line":92,"column":94},"end":{"line":92,"column":168}},"type":"cond-expr","locations":[{"start":{"line":92,"column":128},"end":{"line":92,"column":153}},{"start":{"line":92,"column":156},"end":{"line":92,"column":168}}],"line":92},"15":{"loc":{"start":{"line":94,"column":15},"end":{"line":95,"column":44}},"type":"binary-expr","locations":[{"start":{"line":94,"column":15},"end":{"line":94,"column":46}},{"start":{"line":95,"column":16},"end":{"line":95,"column":44}}],"line":94},"16":{"loc":{"start":{"line":102,"column":24},"end":{"line":102,"column":81}},"type":"cond-expr","locations":[{"start":{"line":102,"column":49},"end":{"line":102,"column":68}},{"start":{"line":102,"column":71},"end":{"line":102,"column":81}}],"line":102}},"s":{"0":4,"1":4,"2":4,"3":4,"4":4,"5":4,"6":3,"7":1,"8":0,"9":0,"10":0,"11":0,"12":0,"13":0,"14":1,"15":1,"16":1,"17":0,"18":1,"19":1,"20":0,"21":0,"22":0,"23":0,"24":0,"25":0,"26":0,"27":1,"28":1,"29":1,"30":9},"f":{"0":4,"1":3,"2":1,"3":0,"4":0,"5":0,"6":1,"7":9},"b":{"0":[0,0],"1":[0,0],"2":[0,1],"3":[0,1],"4":[0,0],"5":[0,0],"6":[0,0],"7":[0,0],"8":[1,0],"9":[9,4],"10":[0,4],"11":[0,4],"12":[4,4],"13":[0,4],"14":[1,3],"15":[4,1],"16":[0,9]},"_coverageSchema":"332fd63041d2c1bcb487cc26dd0d5f7d97098a6c","hash":"4dafb485a7a59d1cb1420f92e5ce0e2b3c40e268"}
}
