TN:
SF:/Users/samgetlan/Documents/HackReactor/navbar-module/test-setup.js
FNF:0
FNH:0
DA:5,6
LF:1
LH:1
BRF:0
BRH:0
end_of_record
TN:
SF:/Users/samgetlan/Documents/HackReactor/navbar-module/client/src/components/BackThisProjectButton.jsx
FN:6,(anonymous_0)
FN:11,(anonymous_1)
FN:22,(anonymous_2)
FNF:3
FNH:2
FNDA:1,(anonymous_0)
FNDA:0,(anonymous_1)
FNDA:1,(anonymous_2)
DA:7,1
DA:8,1
DA:19,0
DA:23,1
LF:4
LH:3
BRF:0
BRH:0
end_of_record
TN:
SF:/Users/samgetlan/Documents/HackReactor/navbar-module/client/src/components/InterestedLinks.jsx
FN:5,(anonymous_0)
FNF:1
FNH:1
FNDA:1,(anonymous_0)
DA:5,2
DA:6,1
LF:2
LH:2
BRF:0
BRH:0
end_of_record
TN:
SF:/Users/samgetlan/Documents/HackReactor/navbar-module/client/src/components/NavButton.jsx
FN:3,(anonymous_0)
FNF:1
FNH:1
FNDA:1,(anonymous_0)
DA:3,3
DA:4,1
LF:2
LH:2
BRDA:4,0,0,1
BRDA:4,0,1,0
BRDA:6,1,0,1
BRDA:6,1,1,0
BRF:4
BRH:2
end_of_record
TN:
SF:/Users/samgetlan/Documents/HackReactor/navbar-module/client/src/components/NavLinks.jsx
FN:5,(anonymous_0)
FN:13,(anonymous_1)
FN:19,(anonymous_2)
FNF:3
FNH:2
FNDA:2,(anonymous_0)
FNDA:0,(anonymous_1)
FNDA:2,(anonymous_2)
DA:6,2
DA:7,2
DA:10,2
DA:14,0
DA:20,2
LF:5
LH:4
BRF:0
BRH:0
end_of_record
TN:
SF:/Users/samgetlan/Documents/HackReactor/navbar-module/client/src/components/Navbar.jsx
FN:6,(anonymous_0)
FN:15,(anonymous_1)
FNF:2
FNH:2
FNDA:1,(anonymous_0)
FNDA:1,(anonymous_1)
DA:7,1
DA:8,1
DA:16,1
LF:3
LH:3
BRF:0
BRH:0
end_of_record
TN:
SF:/Users/samgetlan/Documents/HackReactor/navbar-module/client/src/components/RemindMeButton.jsx
FN:6,(anonymous_0)
FN:19,(anonymous_1)
FN:25,(anonymous_2)
FN:31,(anonymous_3)
FN:36,(anonymous_4)
FN:39,(anonymous_5)
FN:51,(anonymous_6)
FN:81,(anonymous_7)
FNF:8
FNH:5
FNDA:4,(anonymous_0)
FNDA:3,(anonymous_1)
FNDA:1,(anonymous_2)
FNDA:0,(anonymous_3)
FNDA:0,(anonymous_4)
FNDA:0,(anonymous_5)
FNDA:1,(anonymous_6)
FNDA:9,(anonymous_7)
DA:7,4
DA:8,4
DA:13,4
DA:14,4
DA:15,4
DA:16,4
DA:20,3
DA:26,1
DA:32,0
DA:33,0
DA:37,0
DA:40,0
DA:42,0
DA:47,0
DA:52,1
DA:53,1
DA:55,1
DA:56,0
DA:58,1
DA:60,1
DA:61,0
DA:62,0
DA:63,0
DA:64,0
DA:65,0
DA:66,0
DA:67,0
DA:73,1
DA:74,1
DA:75,1
DA:82,9
LF:31
LH:17
BRDA:32,0,0,0
BRDA:32,0,1,0
BRDA:32,1,0,0
BRDA:32,1,1,0
BRDA:55,2,0,0
BRDA:55,2,1,1
BRDA:60,3,0,0
BRDA:60,3,1,1
BRDA:62,4,0,0
BRDA:62,4,1,0
BRDA:62,5,0,0
BRDA:62,5,1,0
BRDA:64,6,0,0
BRDA:64,6,1,0
BRDA:64,7,0,0
BRDA:64,7,1,0
BRDA:73,8,0,1
BRDA:73,8,1,0
BRDA:84,9,0,9
BRDA:84,9,1,4
BRDA:89,10,0,0
BRDA:89,10,1,4
BRDA:90,11,0,0
BRDA:90,11,1,4
BRDA:91,12,0,4
BRDA:91,12,1,4
BRDA:92,13,0,0
BRDA:92,13,1,4
BRDA:92,14,0,1
BRDA:92,14,1,3
BRDA:94,15,0,4
BRDA:94,15,1,1
BRDA:102,16,0,0
BRDA:102,16,1,9
BRF:34
BRH:15
end_of_record
